[35m[1mScanning dependencies of target _wesley_yee_ws_generate_messages_check_deps_Num[0m
[  0%] Built target _wesley_yee_ws_generate_messages_check_deps_Num
[35m[1mScanning dependencies of target std_msgs_generate_messages_nodejs[0m
[  0%] Built target std_msgs_generate_messages_nodejs
[35m[1mScanning dependencies of target _wesley_yee_ws_generate_messages_check_deps_scan_range[0m
[  0%] Built target _wesley_yee_ws_generate_messages_check_deps_scan_range
[35m[1mScanning dependencies of target std_msgs_generate_messages_eus[0m
[  0%] Built target std_msgs_generate_messages_eus
[35m[1mScanning dependencies of target std_msgs_generate_messages_lisp[0m
[  0%] Built target std_msgs_generate_messages_lisp
[35m[1mScanning dependencies of target std_msgs_generate_messages_py[0m
[  0%] Built target std_msgs_generate_messages_py
[35m[1mScanning dependencies of target std_msgs_generate_messages_cpp[0m
[  0%] Built target std_msgs_generate_messages_cpp
[35m[1mScanning dependencies of target wesley_yee_ws_generate_messages_nodejs[0m
[  5%] [34m[1mGenerating Javascript code from wesley_yee_ws/scan_range.msg[0m
[ 11%] [34m[1mGenerating Javascript code from wesley_yee_ws/Num.msg[0m
[ 11%] Built target wesley_yee_ws_generate_messages_nodejs
[35m[1mScanning dependencies of target wesley_yee_ws_generate_messages_eus[0m
[ 16%] [34m[1mGenerating EusLisp code from wesley_yee_ws/scan_range.msg[0m
[ 22%] [34m[1mGenerating EusLisp code from wesley_yee_ws/Num.msg[0m
[ 27%] [34m[1mGenerating EusLisp manifest code for wesley_yee_ws[0m
[ 27%] Built target wesley_yee_ws_generate_messages_eus
[35m[1mScanning dependencies of target wesley_yee_ws_generate_messages_lisp[0m
[ 33%] [34m[1mGenerating Lisp code from wesley_yee_ws/scan_range.msg[0m
[ 38%] [34m[1mGenerating Lisp code from wesley_yee_ws/Num.msg[0m
[ 38%] Built target wesley_yee_ws_generate_messages_lisp
[35m[1mScanning dependencies of target wesley_yee_ws_generate_messages_py[0m
[ 44%] [34m[1mGenerating Python from MSG wesley_yee_ws/scan_range[0m
[ 50%] [34m[1mGenerating Python from MSG wesley_yee_ws/Num[0m
[ 55%] [34m[1mGenerating Python msg __init__.py for wesley_yee_ws[0m
[ 55%] Built target wesley_yee_ws_generate_messages_py
[35m[1mScanning dependencies of target wesley_yee_ws_generate_messages_cpp[0m
[ 61%] [34m[1mGenerating C++ code from wesley_yee_ws/scan_range.msg[0m
[ 66%] [34m[1mGenerating C++ code from wesley_yee_ws/Num.msg[0m
[ 66%] Built target wesley_yee_ws_generate_messages_cpp
[35m[1mScanning dependencies of target wesley_yee_ws_generate_messages[0m
[ 66%] Built target wesley_yee_ws_generate_messages
[35m[1mScanning dependencies of target lidar_sub[0m
[ 72%] [32mBuilding CXX object CMakeFiles/lidar_sub.dir/src/lidar_sub.cpp.o[0m
[ 77%] [32m[1mLinking CXX executable /home/meam520/catkin_ws/devel/.private/wesley_yee_ws/lib/wesley_yee_ws/lidar_sub[0m
[ 77%] Built target lidar_sub
[35m[1mScanning dependencies of target talker[0m
[ 83%] [32mBuilding CXX object CMakeFiles/talker.dir/src/talker.cpp.o[0m
[ 88%] [32m[1mLinking CXX executable /home/meam520/catkin_ws/devel/.private/wesley_yee_ws/lib/wesley_yee_ws/talker[0m
[ 88%] Built target talker
[35m[1mScanning dependencies of target listener[0m
[ 94%] [32mBuilding CXX object CMakeFiles/listener.dir/src/listener.cpp.o[0m
[100%] [32m[1mLinking CXX executable /home/meam520/catkin_ws/devel/.private/wesley_yee_ws/lib/wesley_yee_ws/listener[0m
[100%] Built target listener
