Symlinking /home/meam520/catkin_ws/devel/include/wesley_yee_ws/Num.h
Symlinking /home/meam520/catkin_ws/devel/include/wesley_yee_ws/scan_range.h
Symlinking /home/meam520/catkin_ws/devel/lib/wesley_yee_ws/listener
Symlinking /home/meam520/catkin_ws/devel/lib/wesley_yee_ws/lidar_sub
Symlinking /home/meam520/catkin_ws/devel/lib/wesley_yee_ws/talker
Symlinking /home/meam520/catkin_ws/devel/lib/python2.7/dist-packages/wesley_yee_ws/__init__.py
Symlinking /home/meam520/catkin_ws/devel/lib/python2.7/dist-packages/wesley_yee_ws/msg/_scan_range.py
Symlinking /home/meam520/catkin_ws/devel/lib/python2.7/dist-packages/wesley_yee_ws/msg/__init__.py
Symlinking /home/meam520/catkin_ws/devel/lib/python2.7/dist-packages/wesley_yee_ws/msg/_Num.py
Symlinking /home/meam520/catkin_ws/devel/lib/pkgconfig/wesley_yee_ws.pc
Symlinking /home/meam520/catkin_ws/devel/share/wesley_yee_ws/cmake/wesley_yee_wsConfig.cmake
Symlinking /home/meam520/catkin_ws/devel/share/wesley_yee_ws/cmake/wesley_yee_ws-msg-paths.cmake
Symlinking /home/meam520/catkin_ws/devel/share/wesley_yee_ws/cmake/wesley_yee_wsConfig-version.cmake
Symlinking /home/meam520/catkin_ws/devel/share/wesley_yee_ws/cmake/wesley_yee_ws-msg-extras.cmake
Symlinking /home/meam520/catkin_ws/devel/share/common-lisp/ros/wesley_yee_ws/msg/scan_range.lisp
Symlinking /home/meam520/catkin_ws/devel/share/common-lisp/ros/wesley_yee_ws/msg/_package_Num.lisp
Symlinking /home/meam520/catkin_ws/devel/share/common-lisp/ros/wesley_yee_ws/msg/_package.lisp
Symlinking /home/meam520/catkin_ws/devel/share/common-lisp/ros/wesley_yee_ws/msg/_package_scan_range.lisp
Symlinking /home/meam520/catkin_ws/devel/share/common-lisp/ros/wesley_yee_ws/msg/wesley_yee_ws-msg.asd
Symlinking /home/meam520/catkin_ws/devel/share/common-lisp/ros/wesley_yee_ws/msg/Num.lisp
Symlinking /home/meam520/catkin_ws/devel/share/roseus/ros/wesley_yee_ws/manifest.l
Symlinking /home/meam520/catkin_ws/devel/share/roseus/ros/wesley_yee_ws/msg/Num.l
Symlinking /home/meam520/catkin_ws/devel/share/roseus/ros/wesley_yee_ws/msg/scan_range.l
Symlinking /home/meam520/catkin_ws/devel/share/gennodejs/ros/wesley_yee_ws/_index.js
Symlinking /home/meam520/catkin_ws/devel/share/gennodejs/ros/wesley_yee_ws/msg/Num.js
Symlinking /home/meam520/catkin_ws/devel/share/gennodejs/ros/wesley_yee_ws/msg/_index.js
Symlinking /home/meam520/catkin_ws/devel/share/gennodejs/ros/wesley_yee_ws/msg/scan_range.js
