Determining if the pthread_create exist failed with the following output:
Change Dir: /home/meam520/catkin_ws/build/CMakeFiles/CMakeTmp

Run Build Command:"/usr/bin/make" "cmTC_6fe92/fast"
/usr/bin/make -f CMakeFiles/cmTC_6fe92.dir/build.make CMakeFiles/cmTC_6fe92.dir/build
make[1]: Entering directory '/home/meam520/catkin_ws/build/CMakeFiles/CMakeTmp'
Building C object CMakeFiles/cmTC_6fe92.dir/CheckSymbolExists.c.o
/usr/bin/cc    -o CMakeFiles/cmTC_6fe92.dir/CheckSymbolExists.c.o   -c /home/meam520/catkin_ws/build/CMakeFiles/CMakeTmp/CheckSymbolExists.c
Linking C executable cmTC_6fe92
/usr/bin/cmake -E cmake_link_script CMakeFiles/cmTC_6fe92.dir/link.txt --verbose=1
/usr/bin/cc      -rdynamic CMakeFiles/cmTC_6fe92.dir/CheckSymbolExists.c.o  -o cmTC_6fe92 
CMakeFiles/cmTC_6fe92.dir/CheckSymbolExists.c.o: In function `main':
CheckSymbolExists.c:(.text+0x1b): undefined reference to `pthread_create'
collect2: error: ld returned 1 exit status
CMakeFiles/cmTC_6fe92.dir/build.make:97: recipe for target 'cmTC_6fe92' failed
make[1]: *** [cmTC_6fe92] Error 1
make[1]: Leaving directory '/home/meam520/catkin_ws/build/CMakeFiles/CMakeTmp'
Makefile:126: recipe for target 'cmTC_6fe92/fast' failed
make: *** [cmTC_6fe92/fast] Error 2

File /home/meam520/catkin_ws/build/CMakeFiles/CMakeTmp/CheckSymbolExists.c:
/* */
#include <pthread.h>

int main(int argc, char** argv)
{
  (void)argv;
#ifndef pthread_create
  return ((int*)(&pthread_create))[argc];
#else
  (void)argc;
  return 0;
#endif
}

Determining if the function pthread_create exists in the pthreads failed with the following output:
Change Dir: /home/meam520/catkin_ws/build/CMakeFiles/CMakeTmp

Run Build Command:"/usr/bin/make" "cmTC_eee56/fast"
/usr/bin/make -f CMakeFiles/cmTC_eee56.dir/build.make CMakeFiles/cmTC_eee56.dir/build
make[1]: Entering directory '/home/meam520/catkin_ws/build/CMakeFiles/CMakeTmp'
Building C object CMakeFiles/cmTC_eee56.dir/CheckFunctionExists.c.o
/usr/bin/cc   -DCHECK_FUNCTION_EXISTS=pthread_create   -o CMakeFiles/cmTC_eee56.dir/CheckFunctionExists.c.o   -c /usr/share/cmake-3.10/Modules/CheckFunctionExists.c
Linking C executable cmTC_eee56
/usr/bin/cmake -E cmake_link_script CMakeFiles/cmTC_eee56.dir/link.txt --verbose=1
/usr/bin/cc  -DCHECK_FUNCTION_EXISTS=pthread_create    -rdynamic CMakeFiles/cmTC_eee56.dir/CheckFunctionExists.c.o  -o cmTC_eee56 -lpthreads 
/usr/bin/ld: cannot find -lpthreads
collect2: error: ld returned 1 exit status
CMakeFiles/cmTC_eee56.dir/build.make:97: recipe for target 'cmTC_eee56' failed
make[1]: *** [cmTC_eee56] Error 1
make[1]: Leaving directory '/home/meam520/catkin_ws/build/CMakeFiles/CMakeTmp'
Makefile:126: recipe for target 'cmTC_eee56/fast' failed
make: *** [cmTC_eee56/fast] Error 2


